Compilation failed:
    source file: '/Users/baminh/Desktop/camera-system-app/node_modules/opencv-build/opencv/opencv/cmake/checks/cxx11.cpp'
    check option: ''
===== BUILD LOG =====
Change Dir: /Users/baminh/Desktop/camera-system-app/node_modules/opencv-build/opencv/build/CMakeFiles/CMakeTmp

Run Build Command(s):/usr/bin/make cmTC_46383/fast && /Applications/Xcode.app/Contents/Developer/usr/bin/make -f CMakeFiles/cmTC_46383.dir/build.make CMakeFiles/cmTC_46383.dir/build
Building CXX object CMakeFiles/cmTC_46383.dir/cxx11.cpp.o
/Applications/Xcode.app/Contents/Developer/Toolchains/XcodeDefault.xctoolchain/usr/bin/c++    -isysroot /Applications/Xcode.app/Contents/Developer/Platforms/MacOSX.platform/Developer/SDKs/MacOSX10.15.sdk -mmacosx-version-min=10.14 -fPIE   -o CMakeFiles/cmTC_46383.dir/cxx11.cpp.o -c /Users/baminh/Desktop/camera-system-app/node_modules/opencv-build/opencv/opencv/cmake/checks/cxx11.cpp
/Users/baminh/Desktop/camera-system-app/node_modules/opencv-build/opencv/opencv/cmake/checks/cxx11.cpp:4:2: error: "C++11 is not supported"
#error "C++11 is not supported"
 ^
/Users/baminh/Desktop/camera-system-app/node_modules/opencv-build/opencv/opencv/cmake/checks/cxx11.cpp:11:5: warning: 'auto' type specifier is a C++11 extension [-Wc++11-extensions]
    auto res = test();
    ^
1 warning and 1 error generated.
make[1]: *** [CMakeFiles/cmTC_46383.dir/cxx11.cpp.o] Error 1
make: *** [cmTC_46383/fast] Error 2


===== END =====

Compilation failed:
    source file: '/Users/baminh/Desktop/camera-system-app/node_modules/opencv-build/opencv/opencv/cmake/checks/cpu_popcnt.cpp'
    check option: ''
===== BUILD LOG =====
Change Dir: /Users/baminh/Desktop/camera-system-app/node_modules/opencv-build/opencv/build/CMakeFiles/CMakeTmp

Run Build Command(s):/usr/bin/make cmTC_64436/fast && /Applications/Xcode.app/Contents/Developer/usr/bin/make -f CMakeFiles/cmTC_64436.dir/build.make CMakeFiles/cmTC_64436.dir/build
Building CXX object CMakeFiles/cmTC_64436.dir/cpu_popcnt.cpp.o
/Applications/Xcode.app/Contents/Developer/Toolchains/XcodeDefault.xctoolchain/usr/bin/c++    -O3 -DNDEBUG -isysroot /Applications/Xcode.app/Contents/Developer/Platforms/MacOSX.platform/Developer/SDKs/MacOSX10.15.sdk -mmacosx-version-min=10.14 -fPIE   -o CMakeFiles/cmTC_64436.dir/cpu_popcnt.cpp.o -c /Users/baminh/Desktop/camera-system-app/node_modules/opencv-build/opencv/opencv/cmake/checks/cpu_popcnt.cpp
/Users/baminh/Desktop/camera-system-app/node_modules/opencv-build/opencv/opencv/cmake/checks/cpu_popcnt.cpp:14:4: error: "__POPCNT__ is not defined by compiler"
#  error "__POPCNT__ is not defined by compiler"
   ^
/Users/baminh/Desktop/camera-system-app/node_modules/opencv-build/opencv/opencv/cmake/checks/cpu_popcnt.cpp:22:13: error: use of undeclared identifier 'CV_POPCNT_U32'
    int j = CV_POPCNT_U32(1);
            ^
2 errors generated.
make[1]: *** [CMakeFiles/cmTC_64436.dir/cpu_popcnt.cpp.o] Error 1
make: *** [cmTC_64436/fast] Error 2


===== END =====

Compilation failed:
    source file: '/Users/baminh/Desktop/camera-system-app/node_modules/opencv-build/opencv/opencv/cmake/checks/cpu_sse42.cpp'
    check option: ''
===== BUILD LOG =====
Change Dir: /Users/baminh/Desktop/camera-system-app/node_modules/opencv-build/opencv/build/CMakeFiles/CMakeTmp

Run Build Command(s):/usr/bin/make cmTC_6e922/fast && /Applications/Xcode.app/Contents/Developer/usr/bin/make -f CMakeFiles/cmTC_6e922.dir/build.make CMakeFiles/cmTC_6e922.dir/build
Building CXX object CMakeFiles/cmTC_6e922.dir/cpu_sse42.cpp.o
/Applications/Xcode.app/Contents/Developer/Toolchains/XcodeDefault.xctoolchain/usr/bin/c++    -O3 -DNDEBUG -isysroot /Applications/Xcode.app/Contents/Developer/Platforms/MacOSX.platform/Developer/SDKs/MacOSX10.15.sdk -mmacosx-version-min=10.14 -fPIE   -o CMakeFiles/cmTC_6e922.dir/cpu_sse42.cpp.o -c /Users/baminh/Desktop/camera-system-app/node_modules/opencv-build/opencv/opencv/cmake/checks/cpu_sse42.cpp
/Users/baminh/Desktop/camera-system-app/node_modules/opencv-build/opencv/opencv/cmake/checks/cpu_sse42.cpp:5:24: error: always_inline function '_mm_crc32_u8' requires target feature 'sse4.2', but would be inlined into function 'main' that is compiled without support for 'sse4.2'
    unsigned int res = _mm_crc32_u8(1, 2);
                       ^
1 error generated.
make[1]: *** [CMakeFiles/cmTC_6e922.dir/cpu_sse42.cpp.o] Error 1
make: *** [cmTC_6e922/fast] Error 2


===== END =====

Compilation failed:
    source file: '/Users/baminh/Desktop/camera-system-app/node_modules/opencv-build/opencv/opencv/cmake/checks/cpu_fp16.cpp'
    check option: ''
===== BUILD LOG =====
Change Dir: /Users/baminh/Desktop/camera-system-app/node_modules/opencv-build/opencv/build/CMakeFiles/CMakeTmp

Run Build Command(s):/usr/bin/make cmTC_8cb61/fast && /Applications/Xcode.app/Contents/Developer/usr/bin/make -f CMakeFiles/cmTC_8cb61.dir/build.make CMakeFiles/cmTC_8cb61.dir/build
Building CXX object CMakeFiles/cmTC_8cb61.dir/cpu_fp16.cpp.o
/Applications/Xcode.app/Contents/Developer/Toolchains/XcodeDefault.xctoolchain/usr/bin/c++    -O3 -DNDEBUG -isysroot /Applications/Xcode.app/Contents/Developer/Platforms/MacOSX.platform/Developer/SDKs/MacOSX10.15.sdk -mmacosx-version-min=10.14 -fPIE   -o CMakeFiles/cmTC_8cb61.dir/cpu_fp16.cpp.o -c /Users/baminh/Desktop/camera-system-app/node_modules/opencv-build/opencv/opencv/cmake/checks/cpu_fp16.cpp
/Users/baminh/Desktop/camera-system-app/node_modules/opencv-build/opencv/opencv/cmake/checks/cpu_fp16.cpp:26:2: error: "FP16 is not supported"
#error "FP16 is not supported"
 ^
/Users/baminh/Desktop/camera-system-app/node_modules/opencv-build/opencv/opencv/cmake/checks/cpu_fp16.cpp:31:18: error: use of undeclared identifier 'test'
  printf("%d\n", test());
                 ^
2 errors generated.
make[1]: *** [CMakeFiles/cmTC_8cb61.dir/cpu_fp16.cpp.o] Error 1
make: *** [cmTC_8cb61/fast] Error 2


===== END =====

Compilation failed:
    source file: '/Users/baminh/Desktop/camera-system-app/node_modules/opencv-build/opencv/opencv/cmake/checks/cpu_avx.cpp'
    check option: ''
===== BUILD LOG =====
Change Dir: /Users/baminh/Desktop/camera-system-app/node_modules/opencv-build/opencv/build/CMakeFiles/CMakeTmp

Run Build Command(s):/usr/bin/make cmTC_af36a/fast && /Applications/Xcode.app/Contents/Developer/usr/bin/make -f CMakeFiles/cmTC_af36a.dir/build.make CMakeFiles/cmTC_af36a.dir/build
Building CXX object CMakeFiles/cmTC_af36a.dir/cpu_avx.cpp.o
/Applications/Xcode.app/Contents/Developer/Toolchains/XcodeDefault.xctoolchain/usr/bin/c++    -O3 -DNDEBUG -isysroot /Applications/Xcode.app/Contents/Developer/Platforms/MacOSX.platform/Developer/SDKs/MacOSX10.15.sdk -mmacosx-version-min=10.14 -fPIE   -o CMakeFiles/cmTC_af36a.dir/cpu_avx.cpp.o -c /Users/baminh/Desktop/camera-system-app/node_modules/opencv-build/opencv/opencv/cmake/checks/cpu_avx.cpp
/Users/baminh/Desktop/camera-system-app/node_modules/opencv-build/opencv/opencv/cmake/checks/cpu_avx.cpp:2:2: error: "__AVX__ define is missing"
#error "__AVX__ define is missing"
 ^
1 error generated.
make[1]: *** [CMakeFiles/cmTC_af36a.dir/cpu_avx.cpp.o] Error 1
make: *** [cmTC_af36a/fast] Error 2


===== END =====

Compilation failed:
    source file: '/Users/baminh/Desktop/camera-system-app/node_modules/opencv-build/opencv/opencv/cmake/checks/cpu_avx2.cpp'
    check option: ''
===== BUILD LOG =====
Change Dir: /Users/baminh/Desktop/camera-system-app/node_modules/opencv-build/opencv/build/CMakeFiles/CMakeTmp

Run Build Command(s):/usr/bin/make cmTC_a7428/fast && /Applications/Xcode.app/Contents/Developer/usr/bin/make -f CMakeFiles/cmTC_a7428.dir/build.make CMakeFiles/cmTC_a7428.dir/build
Building CXX object CMakeFiles/cmTC_a7428.dir/cpu_avx2.cpp.o
/Applications/Xcode.app/Contents/Developer/Toolchains/XcodeDefault.xctoolchain/usr/bin/c++    -O3 -DNDEBUG -isysroot /Applications/Xcode.app/Contents/Developer/Platforms/MacOSX.platform/Developer/SDKs/MacOSX10.15.sdk -mmacosx-version-min=10.14 -fPIE   -o CMakeFiles/cmTC_a7428.dir/cpu_avx2.cpp.o -c /Users/baminh/Desktop/camera-system-app/node_modules/opencv-build/opencv/opencv/cmake/checks/cpu_avx2.cpp
/Users/baminh/Desktop/camera-system-app/node_modules/opencv-build/opencv/opencv/cmake/checks/cpu_avx2.cpp:2:2: error: "__AVX2__ define is missing"
#error "__AVX2__ define is missing"
 ^
1 error generated.
make[1]: *** [CMakeFiles/cmTC_a7428.dir/cpu_avx2.cpp.o] Error 1
make: *** [cmTC_a7428/fast] Error 2


===== END =====

Compilation failed:
    source file: '/Users/baminh/Desktop/camera-system-app/node_modules/opencv-build/opencv/opencv/cmake/checks/cpu_avx512.cpp'
    check option: ''
===== BUILD LOG =====
Change Dir: /Users/baminh/Desktop/camera-system-app/node_modules/opencv-build/opencv/build/CMakeFiles/CMakeTmp

Run Build Command(s):/usr/bin/make cmTC_197ea/fast && /Applications/Xcode.app/Contents/Developer/usr/bin/make -f CMakeFiles/cmTC_197ea.dir/build.make CMakeFiles/cmTC_197ea.dir/build
Building CXX object CMakeFiles/cmTC_197ea.dir/cpu_avx512.cpp.o
/Applications/Xcode.app/Contents/Developer/Toolchains/XcodeDefault.xctoolchain/usr/bin/c++    -O3 -DNDEBUG -isysroot /Applications/Xcode.app/Contents/Developer/Platforms/MacOSX.platform/Developer/SDKs/MacOSX10.15.sdk -mmacosx-version-min=10.14 -fPIE   -o CMakeFiles/cmTC_197ea.dir/cpu_avx512.cpp.o -c /Users/baminh/Desktop/camera-system-app/node_modules/opencv-build/opencv/opencv/cmake/checks/cpu_avx512.cpp
/Users/baminh/Desktop/camera-system-app/node_modules/opencv-build/opencv/opencv/cmake/checks/cpu_avx512.cpp:11:2: error: "AVX512 is not supported"
#error "AVX512 is not supported"
 ^
1 error generated.
make[1]: *** [CMakeFiles/cmTC_197ea.dir/cpu_avx512.cpp.o] Error 1
make: *** [cmTC_197ea/fast] Error 2


===== END =====

Compilation failed:
    source file: '/Users/baminh/Desktop/camera-system-app/node_modules/opencv-build/opencv/opencv/cmake/checks/cpu_avx512skx.cpp'
    check option: ''
===== BUILD LOG =====
Change Dir: /Users/baminh/Desktop/camera-system-app/node_modules/opencv-build/opencv/build/CMakeFiles/CMakeTmp

Run Build Command(s):/usr/bin/make cmTC_0c5c1/fast && /Applications/Xcode.app/Contents/Developer/usr/bin/make -f CMakeFiles/cmTC_0c5c1.dir/build.make CMakeFiles/cmTC_0c5c1.dir/build
Building CXX object CMakeFiles/cmTC_0c5c1.dir/cpu_avx512skx.cpp.o
/Applications/Xcode.app/Contents/Developer/Toolchains/XcodeDefault.xctoolchain/usr/bin/c++    -O3 -DNDEBUG -isysroot /Applications/Xcode.app/Contents/Developer/Platforms/MacOSX.platform/Developer/SDKs/MacOSX10.15.sdk -mmacosx-version-min=10.14 -fPIE   -o CMakeFiles/cmTC_0c5c1.dir/cpu_avx512skx.cpp.o -c /Users/baminh/Desktop/camera-system-app/node_modules/opencv-build/opencv/opencv/cmake/checks/cpu_avx512skx.cpp
/Users/baminh/Desktop/camera-system-app/node_modules/opencv-build/opencv/opencv/cmake/checks/cpu_avx512skx.cpp:15:2: error: "AVX512-SKX is not supported"
#error "AVX512-SKX is not supported"
 ^
1 error generated.
make[1]: *** [CMakeFiles/cmTC_0c5c1.dir/cpu_avx512skx.cpp.o] Error 1
make: *** [cmTC_0c5c1/fast] Error 2


===== END =====

Determining if the include file malloc.h exists failed with the following output:
Change Dir: /Users/baminh/Desktop/camera-system-app/node_modules/opencv-build/opencv/build/CMakeFiles/CMakeTmp

Run Build Command(s):/usr/bin/make cmTC_9ed18/fast && /Applications/Xcode.app/Contents/Developer/usr/bin/make -f CMakeFiles/cmTC_9ed18.dir/build.make CMakeFiles/cmTC_9ed18.dir/build
Building C object CMakeFiles/cmTC_9ed18.dir/CheckIncludeFile.c.o
/Applications/Xcode.app/Contents/Developer/Toolchains/XcodeDefault.xctoolchain/usr/bin/cc   -fsigned-char -W -Wall -Werror=return-type -Werror=non-virtual-dtor -Werror=address -Werror=sequence-point -Wformat -Werror=format-security -Wmissing-declarations -Wmissing-prototypes -Wstrict-prototypes -Wundef -Winit-self -Wpointer-arith -Wshadow -Wsign-promo -Wuninitialized -Winit-self -Wno-delete-non-virtual-dtor -Wno-unnamed-type-template-args -Wno-comment -fdiagnostics-show-option -Wno-long-long -Qunused-arguments -Wno-semicolon-before-method-body -ffunction-sections -fdata-sections  -fvisibility=hidden -fvisibility-inlines-hidden  -O3 -DNDEBUG -isysroot /Applications/Xcode.app/Contents/Developer/Platforms/MacOSX.platform/Developer/SDKs/MacOSX10.15.sdk -mmacosx-version-min=10.14 -fPIE   -o CMakeFiles/cmTC_9ed18.dir/CheckIncludeFile.c.o   -c /Users/baminh/Desktop/camera-system-app/node_modules/opencv-build/opencv/build/CMakeFiles/CMakeTmp/CheckIncludeFile.c
/Users/baminh/Desktop/camera-system-app/node_modules/opencv-build/opencv/build/CMakeFiles/CMakeTmp/CheckIncludeFile.c:1:10: fatal error: 'malloc.h' file not found
#include <malloc.h>
         ^~~~~~~~~~
1 error generated.
make[1]: *** [CMakeFiles/cmTC_9ed18.dir/CheckIncludeFile.c.o] Error 1
make: *** [cmTC_9ed18/fast] Error 2



Determining size of off64_t failed with the following output:
Change Dir: /Users/baminh/Desktop/camera-system-app/node_modules/opencv-build/opencv/build/CMakeFiles/CMakeTmp

Run Build Command(s):/usr/bin/make cmTC_63a59/fast && /Applications/Xcode.app/Contents/Developer/usr/bin/make -f CMakeFiles/cmTC_63a59.dir/build.make CMakeFiles/cmTC_63a59.dir/build
Building C object CMakeFiles/cmTC_63a59.dir/OFF64_T.c.o
/Applications/Xcode.app/Contents/Developer/Toolchains/XcodeDefault.xctoolchain/usr/bin/cc   -fsigned-char -W -Wall -Werror=return-type -Werror=non-virtual-dtor -Werror=address -Werror=sequence-point -Wformat -Werror=format-security -Wmissing-declarations -Wmissing-prototypes -Wstrict-prototypes -Wundef -Winit-self -Wpointer-arith -Wshadow -Wsign-promo -Wuninitialized -Winit-self -Wno-delete-non-virtual-dtor -Wno-unnamed-type-template-args -Wno-comment -fdiagnostics-show-option -Wno-long-long -Qunused-arguments -Wno-semicolon-before-method-body -ffunction-sections -fdata-sections  -fvisibility=hidden -fvisibility-inlines-hidden  -O3 -DNDEBUG -isysroot /Applications/Xcode.app/Contents/Developer/Platforms/MacOSX.platform/Developer/SDKs/MacOSX10.15.sdk -mmacosx-version-min=10.14 -fPIE   -o CMakeFiles/cmTC_63a59.dir/OFF64_T.c.o   -c /Users/baminh/Desktop/camera-system-app/node_modules/opencv-build/opencv/build/CMakeFiles/CheckTypeSize/OFF64_T.c
/Users/baminh/Desktop/camera-system-app/node_modules/opencv-build/opencv/build/CMakeFiles/CheckTypeSize/OFF64_T.c:25:12: error: use of undeclared identifier 'off64_t'
  ('0' + ((SIZE / 10000)%10)),
           ^
/Users/baminh/Desktop/camera-system-app/node_modules/opencv-build/opencv/build/CMakeFiles/CheckTypeSize/OFF64_T.c:23:22: note: expanded from macro 'SIZE'
#define SIZE (sizeof(off64_t))
                     ^
/Users/baminh/Desktop/camera-system-app/node_modules/opencv-build/opencv/build/CMakeFiles/CheckTypeSize/OFF64_T.c:26:12: error: use of undeclared identifier 'off64_t'
  ('0' + ((SIZE / 1000)%10)),
           ^
/Users/baminh/Desktop/camera-system-app/node_modules/opencv-build/opencv/build/CMakeFiles/CheckTypeSize/OFF64_T.c:23:22: note: expanded from macro 'SIZE'
#define SIZE (sizeof(off64_t))
                     ^
/Users/baminh/Desktop/camera-system-app/node_modules/opencv-build/opencv/build/CMakeFiles/CheckTypeSize/OFF64_T.c:27:12: error: use of undeclared identifier 'off64_t'
  ('0' + ((SIZE / 100)%10)),
           ^
/Users/baminh/Desktop/camera-system-app/node_modules/opencv-build/opencv/build/CMakeFiles/CheckTypeSize/OFF64_T.c:23:22: note: expanded from macro 'SIZE'
#define SIZE (sizeof(off64_t))
                     ^
/Users/baminh/Desktop/camera-system-app/node_modules/opencv-build/opencv/build/CMakeFiles/CheckTypeSize/OFF64_T.c:28:12: error: use of undeclared identifier 'off64_t'
  ('0' + ((SIZE / 10)%10)),
           ^
/Users/baminh/Desktop/camera-system-app/node_modules/opencv-build/opencv/build/CMakeFiles/CheckTypeSize/OFF64_T.c:23:22: note: expanded from macro 'SIZE'
#define SIZE (sizeof(off64_t))
                     ^
/Users/baminh/Desktop/camera-system-app/node_modules/opencv-build/opencv/build/CMakeFiles/CheckTypeSize/OFF64_T.c:29:12: error: use of undeclared identifier 'off64_t'
  ('0' +  (SIZE    % 10)),
           ^
/Users/baminh/Desktop/camera-system-app/node_modules/opencv-build/opencv/build/CMakeFiles/CheckTypeSize/OFF64_T.c:23:22: note: expanded from macro 'SIZE'
#define SIZE (sizeof(off64_t))
                     ^
5 errors generated.
make[1]: *** [CMakeFiles/cmTC_63a59.dir/OFF64_T.c.o] Error 1
make: *** [cmTC_63a59/fast] Error 2


/Users/baminh/Desktop/camera-system-app/node_modules/opencv-build/opencv/build/CMakeFiles/CheckTypeSize/OFF64_T.c:
#include <sys/types.h>
#include <stdint.h>
#include <stddef.h>


#undef KEY
#if defined(__i386)
# define KEY '_','_','i','3','8','6'
#elif defined(__x86_64)
# define KEY '_','_','x','8','6','_','6','4'
#elif defined(__ppc__)
# define KEY '_','_','p','p','c','_','_'
#elif defined(__ppc64__)
# define KEY '_','_','p','p','c','6','4','_','_'
#elif defined(__aarch64__)
# define KEY '_','_','a','a','r','c','h','6','4','_','_'
#elif defined(__ARM_ARCH_7A__)
# define KEY '_','_','A','R','M','_','A','R','C','H','_','7','A','_','_'
#elif defined(__ARM_ARCH_7S__)
# define KEY '_','_','A','R','M','_','A','R','C','H','_','7','S','_','_'
#endif

#define SIZE (sizeof(off64_t))
static char info_size[] =  {'I', 'N', 'F', 'O', ':', 's','i','z','e','[',
  ('0' + ((SIZE / 10000)%10)),
  ('0' + ((SIZE / 1000)%10)),
  ('0' + ((SIZE / 100)%10)),
  ('0' + ((SIZE / 10)%10)),
  ('0' +  (SIZE    % 10)),
  ']',
#ifdef KEY
  ' ','k','e','y','[', KEY, ']',
#endif
  '\0'};

#ifdef __CLASSIC_C__
int main(argc, argv) int argc; char *argv[];
#else
int main(int argc, char *argv[])
#endif
{
  int require = 0;
  require += info_size[argc];
  (void)argv;
  return require;
}


Determining if the include file io.h exists failed with the following output:
Change Dir: /Users/baminh/Desktop/camera-system-app/node_modules/opencv-build/opencv/build/CMakeFiles/CMakeTmp

Run Build Command(s):/usr/bin/make cmTC_208d7/fast && /Applications/Xcode.app/Contents/Developer/usr/bin/make -f CMakeFiles/cmTC_208d7.dir/build.make CMakeFiles/cmTC_208d7.dir/build
Building C object CMakeFiles/cmTC_208d7.dir/CheckIncludeFile.c.o
/Applications/Xcode.app/Contents/Developer/Toolchains/XcodeDefault.xctoolchain/usr/bin/cc   -fsigned-char -W -Wall -Werror=return-type -Werror=non-virtual-dtor -Werror=address -Werror=sequence-point -Wformat -Werror=format-security -Wmissing-declarations -Wmissing-prototypes -Wstrict-prototypes -Wundef -Winit-self -Wpointer-arith -Wshadow -Wsign-promo -Wuninitialized -Winit-self -Wno-delete-non-virtual-dtor -Wno-unnamed-type-template-args -Wno-comment -fdiagnostics-show-option -Wno-long-long -Qunused-arguments -Wno-semicolon-before-method-body -ffunction-sections -fdata-sections  -fvisibility=hidden -fvisibility-inlines-hidden  -O3 -DNDEBUG -isysroot /Applications/Xcode.app/Contents/Developer/Platforms/MacOSX.platform/Developer/SDKs/MacOSX10.15.sdk -mmacosx-version-min=10.14 -fPIE   -o CMakeFiles/cmTC_208d7.dir/CheckIncludeFile.c.o   -c /Users/baminh/Desktop/camera-system-app/node_modules/opencv-build/opencv/build/CMakeFiles/CMakeTmp/CheckIncludeFile.c
/Users/baminh/Desktop/camera-system-app/node_modules/opencv-build/opencv/build/CMakeFiles/CMakeTmp/CheckIncludeFile.c:1:10: fatal error: 'io.h' file not found
#include <io.h>
         ^~~~~~
1 error generated.
make[1]: *** [CMakeFiles/cmTC_208d7.dir/CheckIncludeFile.c.o] Error 1
make: *** [cmTC_208d7/fast] Error 2



Determining size of INT8 failed with the following output:
Change Dir: /Users/baminh/Desktop/camera-system-app/node_modules/opencv-build/opencv/build/CMakeFiles/CMakeTmp

Run Build Command(s):/usr/bin/make cmTC_6df73/fast && /Applications/Xcode.app/Contents/Developer/usr/bin/make -f CMakeFiles/cmTC_6df73.dir/build.make CMakeFiles/cmTC_6df73.dir/build
Building C object CMakeFiles/cmTC_6df73.dir/int8.c.o
/Applications/Xcode.app/Contents/Developer/Toolchains/XcodeDefault.xctoolchain/usr/bin/cc   -fsigned-char -W -Wall -Werror=return-type -Werror=non-virtual-dtor -Werror=address -Werror=sequence-point -Wformat -Werror=format-security -Wmissing-declarations -Wmissing-prototypes -Wstrict-prototypes -Wundef -Winit-self -Wpointer-arith -Wshadow -Wsign-promo -Wuninitialized -Winit-self -Wno-delete-non-virtual-dtor -Wno-unnamed-type-template-args -Wno-comment -fdiagnostics-show-option -Wno-long-long -Qunused-arguments -Wno-semicolon-before-method-body -ffunction-sections -fdata-sections  -fvisibility=hidden -fvisibility-inlines-hidden  -O3 -DNDEBUG -isysroot /Applications/Xcode.app/Contents/Developer/Platforms/MacOSX.platform/Developer/SDKs/MacOSX10.15.sdk -mmacosx-version-min=10.14 -fPIE   -o CMakeFiles/cmTC_6df73.dir/int8.c.o   -c /Users/baminh/Desktop/camera-system-app/node_modules/opencv-build/opencv/build/CMakeFiles/CheckTypeSize/int8.c
/Users/baminh/Desktop/camera-system-app/node_modules/opencv-build/opencv/build/CMakeFiles/CheckTypeSize/int8.c:25:12: error: use of undeclared identifier 'INT8'
  ('0' + ((SIZE / 10000)%10)),
           ^
/Users/baminh/Desktop/camera-system-app/node_modules/opencv-build/opencv/build/CMakeFiles/CheckTypeSize/int8.c:23:22: note: expanded from macro 'SIZE'
#define SIZE (sizeof(INT8))
                     ^
/Users/baminh/Desktop/camera-system-app/node_modules/opencv-build/opencv/build/CMakeFiles/CheckTypeSize/int8.c:26:12: error: use of undeclared identifier 'INT8'
  ('0' + ((SIZE / 1000)%10)),
           ^
/Users/baminh/Desktop/camera-system-app/node_modules/opencv-build/opencv/build/CMakeFiles/CheckTypeSize/int8.c:23:22: note: expanded from macro 'SIZE'
#define SIZE (sizeof(INT8))
                     ^
/Users/baminh/Desktop/camera-system-app/node_modules/opencv-build/opencv/build/CMakeFiles/CheckTypeSize/int8.c:27:12: error: use of undeclared identifier 'INT8'
  ('0' + ((SIZE / 100)%10)),
           ^
/Users/baminh/Desktop/camera-system-app/node_modules/opencv-build/opencv/build/CMakeFiles/CheckTypeSize/int8.c:23:22: note: expanded from macro 'SIZE'
#define SIZE (sizeof(INT8))
                     ^
/Users/baminh/Desktop/camera-system-app/node_modules/opencv-build/opencv/build/CMakeFiles/CheckTypeSize/int8.c:28:12: error: use of undeclared identifier 'INT8'
  ('0' + ((SIZE / 10)%10)),
           ^
/Users/baminh/Desktop/camera-system-app/node_modules/opencv-build/opencv/build/CMakeFiles/CheckTypeSize/int8.c:23:22: note: expanded from macro 'SIZE'
#define SIZE (sizeof(INT8))
                     ^
/Users/baminh/Desktop/camera-system-app/node_modules/opencv-build/opencv/build/CMakeFiles/CheckTypeSize/int8.c:29:12: error: use of undeclared identifier 'INT8'
  ('0' +  (SIZE    % 10)),
           ^
/Users/baminh/Desktop/camera-system-app/node_modules/opencv-build/opencv/build/CMakeFiles/CheckTypeSize/int8.c:23:22: note: expanded from macro 'SIZE'
#define SIZE (sizeof(INT8))
                     ^
5 errors generated.
make[1]: *** [CMakeFiles/cmTC_6df73.dir/int8.c.o] Error 1
make: *** [cmTC_6df73/fast] Error 2


/Users/baminh/Desktop/camera-system-app/node_modules/opencv-build/opencv/build/CMakeFiles/CheckTypeSize/int8.c:
#include <sys/types.h>
#include <stdint.h>
#include <stddef.h>


#undef KEY
#if defined(__i386)
# define KEY '_','_','i','3','8','6'
#elif defined(__x86_64)
# define KEY '_','_','x','8','6','_','6','4'
#elif defined(__ppc__)
# define KEY '_','_','p','p','c','_','_'
#elif defined(__ppc64__)
# define KEY '_','_','p','p','c','6','4','_','_'
#elif defined(__aarch64__)
# define KEY '_','_','a','a','r','c','h','6','4','_','_'
#elif defined(__ARM_ARCH_7A__)
# define KEY '_','_','A','R','M','_','A','R','C','H','_','7','A','_','_'
#elif defined(__ARM_ARCH_7S__)
# define KEY '_','_','A','R','M','_','A','R','C','H','_','7','S','_','_'
#endif

#define SIZE (sizeof(INT8))
static char info_size[] =  {'I', 'N', 'F', 'O', ':', 's','i','z','e','[',
  ('0' + ((SIZE / 10000)%10)),
  ('0' + ((SIZE / 1000)%10)),
  ('0' + ((SIZE / 100)%10)),
  ('0' + ((SIZE / 10)%10)),
  ('0' +  (SIZE    % 10)),
  ']',
#ifdef KEY
  ' ','k','e','y','[', KEY, ']',
#endif
  '\0'};

#ifdef __CLASSIC_C__
int main(argc, argv) int argc; char *argv[];
#else
int main(int argc, char *argv[])
#endif
{
  int require = 0;
  require += info_size[argc];
  (void)argv;
  return require;
}


Determining size of INT16 failed with the following output:
Change Dir: /Users/baminh/Desktop/camera-system-app/node_modules/opencv-build/opencv/build/CMakeFiles/CMakeTmp

Run Build Command(s):/usr/bin/make cmTC_9de1b/fast && /Applications/Xcode.app/Contents/Developer/usr/bin/make -f CMakeFiles/cmTC_9de1b.dir/build.make CMakeFiles/cmTC_9de1b.dir/build
Building C object CMakeFiles/cmTC_9de1b.dir/int16.c.o
/Applications/Xcode.app/Contents/Developer/Toolchains/XcodeDefault.xctoolchain/usr/bin/cc   -fsigned-char -W -Wall -Werror=return-type -Werror=non-virtual-dtor -Werror=address -Werror=sequence-point -Wformat -Werror=format-security -Wmissing-declarations -Wmissing-prototypes -Wstrict-prototypes -Wundef -Winit-self -Wpointer-arith -Wshadow -Wsign-promo -Wuninitialized -Winit-self -Wno-delete-non-virtual-dtor -Wno-unnamed-type-template-args -Wno-comment -fdiagnostics-show-option -Wno-long-long -Qunused-arguments -Wno-semicolon-before-method-body -ffunction-sections -fdata-sections  -fvisibility=hidden -fvisibility-inlines-hidden  -O3 -DNDEBUG -isysroot /Applications/Xcode.app/Contents/Developer/Platforms/MacOSX.platform/Developer/SDKs/MacOSX10.15.sdk -mmacosx-version-min=10.14 -fPIE   -o CMakeFiles/cmTC_9de1b.dir/int16.c.o   -c /Users/baminh/Desktop/camera-system-app/node_modules/opencv-build/opencv/build/CMakeFiles/CheckTypeSize/int16.c
/Users/baminh/Desktop/camera-system-app/node_modules/opencv-build/opencv/build/CMakeFiles/CheckTypeSize/int16.c:25:12: error: use of undeclared identifier 'INT16'
  ('0' + ((SIZE / 10000)%10)),
           ^
/Users/baminh/Desktop/camera-system-app/node_modules/opencv-build/opencv/build/CMakeFiles/CheckTypeSize/int16.c:23:22: note: expanded from macro 'SIZE'
#define SIZE (sizeof(INT16))
                     ^
/Users/baminh/Desktop/camera-system-app/node_modules/opencv-build/opencv/build/CMakeFiles/CheckTypeSize/int16.c:26:12: error: use of undeclared identifier 'INT16'
  ('0' + ((SIZE / 1000)%10)),
           ^
/Users/baminh/Desktop/camera-system-app/node_modules/opencv-build/opencv/build/CMakeFiles/CheckTypeSize/int16.c:23:22: note: expanded from macro 'SIZE'
#define SIZE (sizeof(INT16))
                     ^
/Users/baminh/Desktop/camera-system-app/node_modules/opencv-build/opencv/build/CMakeFiles/CheckTypeSize/int16.c:27:12: error: use of undeclared identifier 'INT16'
  ('0' + ((SIZE / 100)%10)),
           ^
/Users/baminh/Desktop/camera-system-app/node_modules/opencv-build/opencv/build/CMakeFiles/CheckTypeSize/int16.c:23:22: note: expanded from macro 'SIZE'
#define SIZE (sizeof(INT16))
                     ^
/Users/baminh/Desktop/camera-system-app/node_modules/opencv-build/opencv/build/CMakeFiles/CheckTypeSize/int16.c:28:12: error: use of undeclared identifier 'INT16'
  ('0' + ((SIZE / 10)%10)),
           ^
/Users/baminh/Desktop/camera-system-app/node_modules/opencv-build/opencv/build/CMakeFiles/CheckTypeSize/int16.c:23:22: note: expanded from macro 'SIZE'
#define SIZE (sizeof(INT16))
                     ^
/Users/baminh/Desktop/camera-system-app/node_modules/opencv-build/opencv/build/CMakeFiles/CheckTypeSize/int16.c:29:12: error: use of undeclared identifier 'INT16'
  ('0' +  (SIZE    % 10)),
           ^
/Users/baminh/Desktop/camera-system-app/node_modules/opencv-build/opencv/build/CMakeFiles/CheckTypeSize/int16.c:23:22: note: expanded from macro 'SIZE'
#define SIZE (sizeof(INT16))
                     ^
5 errors generated.
make[1]: *** [CMakeFiles/cmTC_9de1b.dir/int16.c.o] Error 1
make: *** [cmTC_9de1b/fast] Error 2


/Users/baminh/Desktop/camera-system-app/node_modules/opencv-build/opencv/build/CMakeFiles/CheckTypeSize/int16.c:
#include <sys/types.h>
#include <stdint.h>
#include <stddef.h>


#undef KEY
#if defined(__i386)
# define KEY '_','_','i','3','8','6'
#elif defined(__x86_64)
# define KEY '_','_','x','8','6','_','6','4'
#elif defined(__ppc__)
# define KEY '_','_','p','p','c','_','_'
#elif defined(__ppc64__)
# define KEY '_','_','p','p','c','6','4','_','_'
#elif defined(__aarch64__)
# define KEY '_','_','a','a','r','c','h','6','4','_','_'
#elif defined(__ARM_ARCH_7A__)
# define KEY '_','_','A','R','M','_','A','R','C','H','_','7','A','_','_'
#elif defined(__ARM_ARCH_7S__)
# define KEY '_','_','A','R','M','_','A','R','C','H','_','7','S','_','_'
#endif

#define SIZE (sizeof(INT16))
static char info_size[] =  {'I', 'N', 'F', 'O', ':', 's','i','z','e','[',
  ('0' + ((SIZE / 10000)%10)),
  ('0' + ((SIZE / 1000)%10)),
  ('0' + ((SIZE / 100)%10)),
  ('0' + ((SIZE / 10)%10)),
  ('0' +  (SIZE    % 10)),
  ']',
#ifdef KEY
  ' ','k','e','y','[', KEY, ']',
#endif
  '\0'};

#ifdef __CLASSIC_C__
int main(argc, argv) int argc; char *argv[];
#else
int main(int argc, char *argv[])
#endif
{
  int require = 0;
  require += info_size[argc];
  (void)argv;
  return require;
}


Determining size of INT32 failed with the following output:
Change Dir: /Users/baminh/Desktop/camera-system-app/node_modules/opencv-build/opencv/build/CMakeFiles/CMakeTmp

Run Build Command(s):/usr/bin/make cmTC_5cdab/fast && /Applications/Xcode.app/Contents/Developer/usr/bin/make -f CMakeFiles/cmTC_5cdab.dir/build.make CMakeFiles/cmTC_5cdab.dir/build
Building C object CMakeFiles/cmTC_5cdab.dir/int32.c.o
/Applications/Xcode.app/Contents/Developer/Toolchains/XcodeDefault.xctoolchain/usr/bin/cc   -fsigned-char -W -Wall -Werror=return-type -Werror=non-virtual-dtor -Werror=address -Werror=sequence-point -Wformat -Werror=format-security -Wmissing-declarations -Wmissing-prototypes -Wstrict-prototypes -Wundef -Winit-self -Wpointer-arith -Wshadow -Wsign-promo -Wuninitialized -Winit-self -Wno-delete-non-virtual-dtor -Wno-unnamed-type-template-args -Wno-comment -fdiagnostics-show-option -Wno-long-long -Qunused-arguments -Wno-semicolon-before-method-body -ffunction-sections -fdata-sections  -fvisibility=hidden -fvisibility-inlines-hidden  -O3 -DNDEBUG -isysroot /Applications/Xcode.app/Contents/Developer/Platforms/MacOSX.platform/Developer/SDKs/MacOSX10.15.sdk -mmacosx-version-min=10.14 -fPIE   -o CMakeFiles/cmTC_5cdab.dir/int32.c.o   -c /Users/baminh/Desktop/camera-system-app/node_modules/opencv-build/opencv/build/CMakeFiles/CheckTypeSize/int32.c
/Users/baminh/Desktop/camera-system-app/node_modules/opencv-build/opencv/build/CMakeFiles/CheckTypeSize/int32.c:25:12: error: use of undeclared identifier 'INT32'
  ('0' + ((SIZE / 10000)%10)),
           ^
/Users/baminh/Desktop/camera-system-app/node_modules/opencv-build/opencv/build/CMakeFiles/CheckTypeSize/int32.c:23:22: note: expanded from macro 'SIZE'
#define SIZE (sizeof(INT32))
                     ^
/Users/baminh/Desktop/camera-system-app/node_modules/opencv-build/opencv/build/CMakeFiles/CheckTypeSize/int32.c:26:12: error: use of undeclared identifier 'INT32'
  ('0' + ((SIZE / 1000)%10)),
           ^
/Users/baminh/Desktop/camera-system-app/node_modules/opencv-build/opencv/build/CMakeFiles/CheckTypeSize/int32.c:23:22: note: expanded from macro 'SIZE'
#define SIZE (sizeof(INT32))
                     ^
/Users/baminh/Desktop/camera-system-app/node_modules/opencv-build/opencv/build/CMakeFiles/CheckTypeSize/int32.c:27:12: error: use of undeclared identifier 'INT32'
  ('0' + ((SIZE / 100)%10)),
           ^
/Users/baminh/Desktop/camera-system-app/node_modules/opencv-build/opencv/build/CMakeFiles/CheckTypeSize/int32.c:23:22: note: expanded from macro 'SIZE'
#define SIZE (sizeof(INT32))
                     ^
/Users/baminh/Desktop/camera-system-app/node_modules/opencv-build/opencv/build/CMakeFiles/CheckTypeSize/int32.c:28:12: error: use of undeclared identifier 'INT32'
  ('0' + ((SIZE / 10)%10)),
           ^
/Users/baminh/Desktop/camera-system-app/node_modules/opencv-build/opencv/build/CMakeFiles/CheckTypeSize/int32.c:23:22: note: expanded from macro 'SIZE'
#define SIZE (sizeof(INT32))
                     ^
/Users/baminh/Desktop/camera-system-app/node_modules/opencv-build/opencv/build/CMakeFiles/CheckTypeSize/int32.c:29:12: error: use of undeclared identifier 'INT32'
  ('0' +  (SIZE    % 10)),
           ^
/Users/baminh/Desktop/camera-system-app/node_modules/opencv-build/opencv/build/CMakeFiles/CheckTypeSize/int32.c:23:22: note: expanded from macro 'SIZE'
#define SIZE (sizeof(INT32))
                     ^
5 errors generated.
make[1]: *** [CMakeFiles/cmTC_5cdab.dir/int32.c.o] Error 1
make: *** [cmTC_5cdab/fast] Error 2


/Users/baminh/Desktop/camera-system-app/node_modules/opencv-build/opencv/build/CMakeFiles/CheckTypeSize/int32.c:
#include <sys/types.h>
#include <stdint.h>
#include <stddef.h>


#undef KEY
#if defined(__i386)
# define KEY '_','_','i','3','8','6'
#elif defined(__x86_64)
# define KEY '_','_','x','8','6','_','6','4'
#elif defined(__ppc__)
# define KEY '_','_','p','p','c','_','_'
#elif defined(__ppc64__)
# define KEY '_','_','p','p','c','6','4','_','_'
#elif defined(__aarch64__)
# define KEY '_','_','a','a','r','c','h','6','4','_','_'
#elif defined(__ARM_ARCH_7A__)
# define KEY '_','_','A','R','M','_','A','R','C','H','_','7','A','_','_'
#elif defined(__ARM_ARCH_7S__)
# define KEY '_','_','A','R','M','_','A','R','C','H','_','7','S','_','_'
#endif

#define SIZE (sizeof(INT32))
static char info_size[] =  {'I', 'N', 'F', 'O', ':', 's','i','z','e','[',
  ('0' + ((SIZE / 10000)%10)),
  ('0' + ((SIZE / 1000)%10)),
  ('0' + ((SIZE / 100)%10)),
  ('0' + ((SIZE / 10)%10)),
  ('0' +  (SIZE    % 10)),
  ']',
#ifdef KEY
  ' ','k','e','y','[', KEY, ']',
#endif
  '\0'};

#ifdef __CLASSIC_C__
int main(argc, argv) int argc; char *argv[];
#else
int main(int argc, char *argv[])
#endif
{
  int require = 0;
  require += info_size[argc];
  (void)argv;
  return require;
}


Build output check failed:
    Regex: 'unknown .*option'
    Output line: 'warning: unknown warning option '-Wno-unused-but-set-variable', did you mean '-Wno-unused-const-variable'? [-Wunknown-warning-option]'
Compilation failed:
    source file: '/Users/baminh/Desktop/camera-system-app/node_modules/opencv-build/opencv/build/CMakeFiles/CMakeTmp/src.c'
    check option: ' -Wno-unused-but-set-variable'
===== BUILD LOG =====
Change Dir: /Users/baminh/Desktop/camera-system-app/node_modules/opencv-build/opencv/build/CMakeFiles/CMakeTmp

Run Build Command(s):/usr/bin/make cmTC_5696a/fast && /Applications/Xcode.app/Contents/Developer/usr/bin/make -f CMakeFiles/cmTC_5696a.dir/build.make CMakeFiles/cmTC_5696a.dir/build
Building C object CMakeFiles/cmTC_5696a.dir/src.c.o
/Applications/Xcode.app/Contents/Developer/Toolchains/XcodeDefault.xctoolchain/usr/bin/cc   -fsigned-char -W -Wall -Werror=return-type -Werror=non-virtual-dtor -Werror=address -Werror=sequence-point -Wformat -Werror=format-security -Wmissing-declarations -Wmissing-prototypes -Wstrict-prototypes -Wundef -Winit-self -Wpointer-arith -Wshadow -Wsign-promo -Wuninitialized -Winit-self -Wno-delete-non-virtual-dtor -Wno-unnamed-type-template-args -Wno-comment -fdiagnostics-show-option -Wno-long-long -Qunused-arguments -Wno-semicolon-before-method-body -ffunction-sections -fdata-sections  -fvisibility=hidden -fvisibility-inlines-hidden  -O3 -DNDEBUG -isysroot /Applications/Xcode.app/Contents/Developer/Platforms/MacOSX.platform/Developer/SDKs/MacOSX10.15.sdk -mmacosx-version-min=10.14 -fPIE    -Wno-unused-but-set-variable -o CMakeFiles/cmTC_5696a.dir/src.c.o   -c /Users/baminh/Desktop/camera-system-app/node_modules/opencv-build/opencv/build/CMakeFiles/CMakeTmp/src.c
warning: unknown warning option '-Wno-unused-but-set-variable'; did you mean '-Wno-unused-const-variable'? [-Wunknown-warning-option]
/Users/baminh/Desktop/camera-system-app/node_modules/opencv-build/opencv/build/CMakeFiles/CMakeTmp/src.c:1:8: warning: unknown pragma ignored [-Wunknown-pragmas]
#pragma
       ^
2 warnings generated.
Linking C executable cmTC_5696a
/usr/local/Cellar/cmake/3.16.1/bin/cmake -E cmake_link_script CMakeFiles/cmTC_5696a.dir/link.txt --verbose=1
/Applications/Xcode.app/Contents/Developer/Toolchains/XcodeDefault.xctoolchain/usr/bin/cc    -fsigned-char -W -Wall -Werror=return-type -Werror=non-virtual-dtor -Werror=address -Werror=sequence-point -Wformat -Werror=format-security -Wmissing-declarations -Wmissing-prototypes -Wstrict-prototypes -Wundef -Winit-self -Wpointer-arith -Wshadow -Wsign-promo -Wuninitialized -Winit-self -Wno-delete-non-virtual-dtor -Wno-unnamed-type-template-args -Wno-comment -fdiagnostics-show-option -Wno-long-long -Qunused-arguments -Wno-semicolon-before-method-body -ffunction-sections -fdata-sections  -fvisibility=hidden -fvisibility-inlines-hidden  -O3 -DNDEBUG -isysroot /Applications/Xcode.app/Contents/Developer/Platforms/MacOSX.platform/Developer/SDKs/MacOSX10.15.sdk -mmacosx-version-min=10.14 -Wl,-search_paths_first -Wl,-headerpad_max_install_names   -Wl,-dead_strip  CMakeFiles/cmTC_5696a.dir/src.c.o  -o cmTC_5696a 


===== END =====

Build output check failed:
    Regex: 'unknown .*option'
    Output line: 'warning: unknown warning option '-Wno-maybe-uninitialized', did you mean '-Wno-uninitialized'? [-Wunknown-warning-option]'
Compilation failed:
    source file: '/Users/baminh/Desktop/camera-system-app/node_modules/opencv-build/opencv/build/CMakeFiles/CMakeTmp/src.c'
    check option: ' -Wno-maybe-uninitialized'
===== BUILD LOG =====
Change Dir: /Users/baminh/Desktop/camera-system-app/node_modules/opencv-build/opencv/build/CMakeFiles/CMakeTmp

Run Build Command(s):/usr/bin/make cmTC_bba7d/fast && /Applications/Xcode.app/Contents/Developer/usr/bin/make -f CMakeFiles/cmTC_bba7d.dir/build.make CMakeFiles/cmTC_bba7d.dir/build
Building C object CMakeFiles/cmTC_bba7d.dir/src.c.o
/Applications/Xcode.app/Contents/Developer/Toolchains/XcodeDefault.xctoolchain/usr/bin/cc   -fsigned-char -W -Wall -Werror=return-type -Werror=non-virtual-dtor -Werror=address -Werror=sequence-point -Wformat -Werror=format-security -Wstrict-prototypes -Winit-self -Wpointer-arith -Wsign-promo -Wuninitialized -Winit-self -Wno-delete-non-virtual-dtor -Wno-unnamed-type-template-args -Wno-comment -fdiagnostics-show-option -Wno-long-long -Qunused-arguments -Wno-semicolon-before-method-body -ffunction-sections -fdata-sections  -fvisibility=hidden -fvisibility-inlines-hidden -Wno-missing-prototypes -Wno-missing-declarations -Wno-undef -Wno-unused -Wno-sign-compare -Wno-cast-align -Wno-shadow  -O3 -DNDEBUG -isysroot /Applications/Xcode.app/Contents/Developer/Platforms/MacOSX.platform/Developer/SDKs/MacOSX10.15.sdk -mmacosx-version-min=10.14 -fPIE    -Wno-maybe-uninitialized -o CMakeFiles/cmTC_bba7d.dir/src.c.o   -c /Users/baminh/Desktop/camera-system-app/node_modules/opencv-build/opencv/build/CMakeFiles/CMakeTmp/src.c
warning: unknown warning option '-Wno-maybe-uninitialized'; did you mean '-Wno-uninitialized'? [-Wunknown-warning-option]
/Users/baminh/Desktop/camera-system-app/node_modules/opencv-build/opencv/build/CMakeFiles/CMakeTmp/src.c:1:8: warning: unknown pragma ignored [-Wunknown-pragmas]
#pragma
       ^
2 warnings generated.
Linking C executable cmTC_bba7d
/usr/local/Cellar/cmake/3.16.1/bin/cmake -E cmake_link_script CMakeFiles/cmTC_bba7d.dir/link.txt --verbose=1
/Applications/Xcode.app/Contents/Developer/Toolchains/XcodeDefault.xctoolchain/usr/bin/cc    -fsigned-char -W -Wall -Werror=return-type -Werror=non-virtual-dtor -Werror=address -Werror=sequence-point -Wformat -Werror=format-security -Wstrict-prototypes -Winit-self -Wpointer-arith -Wsign-promo -Wuninitialized -Winit-self -Wno-delete-non-virtual-dtor -Wno-unnamed-type-template-args -Wno-comment -fdiagnostics-show-option -Wno-long-long -Qunused-arguments -Wno-semicolon-before-method-body -ffunction-sections -fdata-sections  -fvisibility=hidden -fvisibility-inlines-hidden -Wno-missing-prototypes -Wno-missing-declarations -Wno-undef -Wno-unused -Wno-sign-compare -Wno-cast-align -Wno-shadow  -O3 -DNDEBUG -isysroot /Applications/Xcode.app/Contents/Developer/Platforms/MacOSX.platform/Developer/SDKs/MacOSX10.15.sdk -mmacosx-version-min=10.14 -Wl,-search_paths_first -Wl,-headerpad_max_install_names   -Wl,-dead_strip  CMakeFiles/cmTC_bba7d.dir/src.c.o  -o cmTC_bba7d 


===== END =====

Build output check failed:
    Regex: 'unknown .*option'
    Output line: 'warning: unknown warning option '-Wno-misleading-indentation', did you mean '-Wno-binding-in-condition'? [-Wunknown-warning-option]'
Compilation failed:
    source file: '/Users/baminh/Desktop/camera-system-app/node_modules/opencv-build/opencv/build/CMakeFiles/CMakeTmp/src.c'
    check option: ' -Wno-misleading-indentation'
===== BUILD LOG =====
Change Dir: /Users/baminh/Desktop/camera-system-app/node_modules/opencv-build/opencv/build/CMakeFiles/CMakeTmp

Run Build Command(s):/usr/bin/make cmTC_6b054/fast && /Applications/Xcode.app/Contents/Developer/usr/bin/make -f CMakeFiles/cmTC_6b054.dir/build.make CMakeFiles/cmTC_6b054.dir/build
Building C object CMakeFiles/cmTC_6b054.dir/src.c.o
/Applications/Xcode.app/Contents/Developer/Toolchains/XcodeDefault.xctoolchain/usr/bin/cc   -fsigned-char -W -Wall -Werror=return-type -Werror=non-virtual-dtor -Werror=address -Werror=sequence-point -Wformat -Werror=format-security -Wstrict-prototypes -Winit-self -Wpointer-arith -Wsign-promo -Wuninitialized -Winit-self -Wno-delete-non-virtual-dtor -Wno-unnamed-type-template-args -Wno-comment -fdiagnostics-show-option -Wno-long-long -Qunused-arguments -Wno-semicolon-before-method-body -ffunction-sections -fdata-sections  -fvisibility=hidden -fvisibility-inlines-hidden -Wno-missing-prototypes -Wno-missing-declarations -Wno-undef -Wno-unused -Wno-sign-compare -Wno-cast-align -Wno-shadow -Wno-pointer-to-int-cast -Wno-int-to-pointer-cast  -O3 -DNDEBUG -isysroot /Applications/Xcode.app/Contents/Developer/Platforms/MacOSX.platform/Developer/SDKs/MacOSX10.15.sdk -mmacosx-version-min=10.14 -fPIE    -Wno-misleading-indentation -o CMakeFiles/cmTC_6b054.dir/src.c.o   -c /Users/baminh/Desktop/camera-system-app/node_modules/opencv-build/opencv/build/CMakeFiles/CMakeTmp/src.c
warning: unknown warning option '-Wno-misleading-indentation'; did you mean '-Wno-binding-in-condition'? [-Wunknown-warning-option]
/Users/baminh/Desktop/camera-system-app/node_modules/opencv-build/opencv/build/CMakeFiles/CMakeTmp/src.c:1:8: warning: unknown pragma ignored [-Wunknown-pragmas]
#pragma
       ^
2 warnings generated.
Linking C executable cmTC_6b054
/usr/local/Cellar/cmake/3.16.1/bin/cmake -E cmake_link_script CMakeFiles/cmTC_6b054.dir/link.txt --verbose=1
/Applications/Xcode.app/Contents/Developer/Toolchains/XcodeDefault.xctoolchain/usr/bin/cc    -fsigned-char -W -Wall -Werror=return-type -Werror=non-virtual-dtor -Werror=address -Werror=sequence-point -Wformat -Werror=format-security -Wstrict-prototypes -Winit-self -Wpointer-arith -Wsign-promo -Wuninitialized -Winit-self -Wno-delete-non-virtual-dtor -Wno-unnamed-type-template-args -Wno-comment -fdiagnostics-show-option -Wno-long-long -Qunused-arguments -Wno-semicolon-before-method-body -ffunction-sections -fdata-sections  -fvisibility=hidden -fvisibility-inlines-hidden -Wno-missing-prototypes -Wno-missing-declarations -Wno-undef -Wno-unused -Wno-sign-compare -Wno-cast-align -Wno-shadow -Wno-pointer-to-int-cast -Wno-int-to-pointer-cast  -O3 -DNDEBUG -isysroot /Applications/Xcode.app/Contents/Developer/Platforms/MacOSX.platform/Developer/SDKs/MacOSX10.15.sdk -mmacosx-version-min=10.14 -Wl,-search_paths_first -Wl,-headerpad_max_install_names   -Wl,-dead_strip  CMakeFiles/cmTC_6b054.dir/src.c.o  -o cmTC_6b054 


===== END =====

Build output check failed:
    Regex: 'unknown .*option'
    Output line: 'warning: unknown warning option '-Wno-unused-but-set-parameter', did you mean '-Wno-unused-parameter'? [-Wunknown-warning-option]'
Compilation failed:
    source file: '/Users/baminh/Desktop/camera-system-app/node_modules/opencv-build/opencv/build/CMakeFiles/CMakeTmp/src.c'
    check option: ' -Wno-unused-but-set-parameter'
===== BUILD LOG =====
Change Dir: /Users/baminh/Desktop/camera-system-app/node_modules/opencv-build/opencv/build/CMakeFiles/CMakeTmp

Run Build Command(s):/usr/bin/make cmTC_3533f/fast && /Applications/Xcode.app/Contents/Developer/usr/bin/make -f CMakeFiles/cmTC_3533f.dir/build.make CMakeFiles/cmTC_3533f.dir/build
Building C object CMakeFiles/cmTC_3533f.dir/src.c.o
/Applications/Xcode.app/Contents/Developer/Toolchains/XcodeDefault.xctoolchain/usr/bin/cc   -fsigned-char -W -Wall -Werror=return-type -Werror=non-virtual-dtor -Werror=address -Werror=sequence-point -Wformat -Werror=format-security -Wmissing-declarations -Wstrict-prototypes -Wundef -Winit-self -Wpointer-arith -Wshadow -Wsign-promo -Wuninitialized -Winit-self -Wno-delete-non-virtual-dtor -Wno-unnamed-type-template-args -Wno-comment -fdiagnostics-show-option -Wno-long-long -Qunused-arguments -Wno-semicolon-before-method-body -ffunction-sections -fdata-sections  -fvisibility=hidden -fvisibility-inlines-hidden -Wno-implicit-function-declaration -Wno-uninitialized -Wno-missing-prototypes  -O3 -DNDEBUG -isysroot /Applications/Xcode.app/Contents/Developer/Platforms/MacOSX.platform/Developer/SDKs/MacOSX10.15.sdk -mmacosx-version-min=10.14 -fPIE    -Wno-unused-but-set-parameter -o CMakeFiles/cmTC_3533f.dir/src.c.o   -c /Users/baminh/Desktop/camera-system-app/node_modules/opencv-build/opencv/build/CMakeFiles/CMakeTmp/src.c
warning: unknown warning option '-Wno-unused-but-set-parameter'; did you mean '-Wno-unused-parameter'? [-Wunknown-warning-option]
/Users/baminh/Desktop/camera-system-app/node_modules/opencv-build/opencv/build/CMakeFiles/CMakeTmp/src.c:1:8: warning: unknown pragma ignored [-Wunknown-pragmas]
#pragma
       ^
2 warnings generated.
Linking C executable cmTC_3533f
/usr/local/Cellar/cmake/3.16.1/bin/cmake -E cmake_link_script CMakeFiles/cmTC_3533f.dir/link.txt --verbose=1
/Applications/Xcode.app/Contents/Developer/Toolchains/XcodeDefault.xctoolchain/usr/bin/cc    -fsigned-char -W -Wall -Werror=return-type -Werror=non-virtual-dtor -Werror=address -Werror=sequence-point -Wformat -Werror=format-security -Wmissing-declarations -Wstrict-prototypes -Wundef -Winit-self -Wpointer-arith -Wshadow -Wsign-promo -Wuninitialized -Winit-self -Wno-delete-non-virtual-dtor -Wno-unnamed-type-template-args -Wno-comment -fdiagnostics-show-option -Wno-long-long -Qunused-arguments -Wno-semicolon-before-method-body -ffunction-sections -fdata-sections  -fvisibility=hidden -fvisibility-inlines-hidden -Wno-implicit-function-declaration -Wno-uninitialized -Wno-missing-prototypes  -O3 -DNDEBUG -isysroot /Applications/Xcode.app/Contents/Developer/Platforms/MacOSX.platform/Developer/SDKs/MacOSX10.15.sdk -mmacosx-version-min=10.14 -Wl,-search_paths_first -Wl,-headerpad_max_install_names   -Wl,-dead_strip  CMakeFiles/cmTC_3533f.dir/src.c.o  -o cmTC_3533f 


===== END =====

Build output check failed:
    Regex: 'unknown .*option'
    Output line: 'warning: unknown warning option '-Wno-pointer-compare' [-Wunknown-warning-option]'
Compilation failed:
    source file: '/Users/baminh/Desktop/camera-system-app/node_modules/opencv-build/opencv/build/CMakeFiles/CMakeTmp/src.c'
    check option: ' -Wno-pointer-compare'
===== BUILD LOG =====
Change Dir: /Users/baminh/Desktop/camera-system-app/node_modules/opencv-build/opencv/build/CMakeFiles/CMakeTmp

Run Build Command(s):/usr/bin/make cmTC_95ff8/fast && /Applications/Xcode.app/Contents/Developer/usr/bin/make -f CMakeFiles/cmTC_95ff8.dir/build.make CMakeFiles/cmTC_95ff8.dir/build
Building C object CMakeFiles/cmTC_95ff8.dir/src.c.o
/Applications/Xcode.app/Contents/Developer/Toolchains/XcodeDefault.xctoolchain/usr/bin/cc   -fsigned-char -W -Wall -Werror=return-type -Werror=non-virtual-dtor -Werror=address -Werror=sequence-point -Wformat -Werror=format-security -Wstrict-prototypes -Wundef -Winit-self -Wpointer-arith -Wsign-promo -Wuninitialized -Winit-self -Wno-delete-non-virtual-dtor -Wno-unnamed-type-template-args -Wno-comment -fdiagnostics-show-option -Wno-long-long -Qunused-arguments -Wno-semicolon-before-method-body -ffunction-sections -fdata-sections  -fvisibility=hidden -fvisibility-inlines-hidden -Wno-implicit-function-declaration -Wno-uninitialized -Wno-missing-prototypes -Wno-missing-declarations -Wno-unused -Wno-shadow -Wno-sign-compare -Wno-strict-overflow  -O3 -DNDEBUG -isysroot /Applications/Xcode.app/Contents/Developer/Platforms/MacOSX.platform/Developer/SDKs/MacOSX10.15.sdk -mmacosx-version-min=10.14 -fPIE    -Wno-pointer-compare -o CMakeFiles/cmTC_95ff8.dir/src.c.o   -c /Users/baminh/Desktop/camera-system-app/node_modules/opencv-build/opencv/build/CMakeFiles/CMakeTmp/src.c
warning: unknown warning option '-Wno-pointer-compare' [-Wunknown-warning-option]
/Users/baminh/Desktop/camera-system-app/node_modules/opencv-build/opencv/build/CMakeFiles/CMakeTmp/src.c:1:8: warning: unknown pragma ignored [-Wunknown-pragmas]
#pragma
       ^
2 warnings generated.
Linking C executable cmTC_95ff8
/usr/local/Cellar/cmake/3.16.1/bin/cmake -E cmake_link_script CMakeFiles/cmTC_95ff8.dir/link.txt --verbose=1
/Applications/Xcode.app/Contents/Developer/Toolchains/XcodeDefault.xctoolchain/usr/bin/cc    -fsigned-char -W -Wall -Werror=return-type -Werror=non-virtual-dtor -Werror=address -Werror=sequence-point -Wformat -Werror=format-security -Wstrict-prototypes -Wundef -Winit-self -Wpointer-arith -Wsign-promo -Wuninitialized -Winit-self -Wno-delete-non-virtual-dtor -Wno-unnamed-type-template-args -Wno-comment -fdiagnostics-show-option -Wno-long-long -Qunused-arguments -Wno-semicolon-before-method-body -ffunction-sections -fdata-sections  -fvisibility=hidden -fvisibility-inlines-hidden -Wno-implicit-function-declaration -Wno-uninitialized -Wno-missing-prototypes -Wno-missing-declarations -Wno-unused -Wno-shadow -Wno-sign-compare -Wno-strict-overflow  -O3 -DNDEBUG -isysroot /Applications/Xcode.app/Contents/Developer/Platforms/MacOSX.platform/Developer/SDKs/MacOSX10.15.sdk -mmacosx-version-min=10.14 -Wl,-search_paths_first -Wl,-headerpad_max_install_names   -Wl,-dead_strip  CMakeFiles/cmTC_95ff8.dir/src.c.o  -o cmTC_95ff8 


===== END =====

Build output check failed:
    Regex: 'unknown .*option'
    Output line: 'warning: unknown warning option '-Wno-misleading-indentation', did you mean '-Wno-binding-in-condition'? [-Wunknown-warning-option]'
Compilation failed:
    source file: '/Users/baminh/Desktop/camera-system-app/node_modules/opencv-build/opencv/build/CMakeFiles/CMakeTmp/src.cxx'
    check option: ' -Wno-misleading-indentation'
===== BUILD LOG =====
Change Dir: /Users/baminh/Desktop/camera-system-app/node_modules/opencv-build/opencv/build/CMakeFiles/CMakeTmp

Run Build Command(s):/usr/bin/make cmTC_5aa4d/fast && /Applications/Xcode.app/Contents/Developer/usr/bin/make -f CMakeFiles/cmTC_5aa4d.dir/build.make CMakeFiles/cmTC_5aa4d.dir/build
Building CXX object CMakeFiles/cmTC_5aa4d.dir/src.cxx.o
/Applications/Xcode.app/Contents/Developer/Toolchains/XcodeDefault.xctoolchain/usr/bin/c++    -fsigned-char -W -Wall -Werror=return-type -Werror=non-virtual-dtor -Werror=address -Werror=sequence-point -Wformat -Werror=format-security -Wmissing-prototypes -Wstrict-prototypes -Winit-self -Wpointer-arith -Wsign-promo -Winit-self -Wno-delete-non-virtual-dtor -Wno-unnamed-type-template-args -Wno-comment -fdiagnostics-show-option -Wno-long-long -Qunused-arguments -Wno-semicolon-before-method-body -ffunction-sections -fdata-sections  -fvisibility=hidden -fvisibility-inlines-hidden -Wno-shadow -Wno-unused -Wno-sign-compare -Wno-undef -Wno-missing-declarations -Wno-uninitialized -Wno-switch -Wno-parentheses -Wno-array-bounds -Wno-extra -Wno-deprecated-declarations  -O3 -DNDEBUG -isysroot /Applications/Xcode.app/Contents/Developer/Platforms/MacOSX.platform/Developer/SDKs/MacOSX10.15.sdk -mmacosx-version-min=10.14 -fPIE    -Wno-misleading-indentation -o CMakeFiles/cmTC_5aa4d.dir/src.cxx.o -c /Users/baminh/Desktop/camera-system-app/node_modules/opencv-build/opencv/build/CMakeFiles/CMakeTmp/src.cxx
warning: unknown warning option '-Wno-misleading-indentation'; did you mean '-Wno-binding-in-condition'? [-Wunknown-warning-option]
/Users/baminh/Desktop/camera-system-app/node_modules/opencv-build/opencv/build/CMakeFiles/CMakeTmp/src.cxx:1:8: warning: unknown pragma ignored [-Wunknown-pragmas]
#pragma
       ^
2 warnings generated.
Linking CXX executable cmTC_5aa4d
/usr/local/Cellar/cmake/3.16.1/bin/cmake -E cmake_link_script CMakeFiles/cmTC_5aa4d.dir/link.txt --verbose=1
/Applications/Xcode.app/Contents/Developer/Toolchains/XcodeDefault.xctoolchain/usr/bin/c++     -fsigned-char -W -Wall -Werror=return-type -Werror=non-virtual-dtor -Werror=address -Werror=sequence-point -Wformat -Werror=format-security -Wmissing-prototypes -Wstrict-prototypes -Winit-self -Wpointer-arith -Wsign-promo -Winit-self -Wno-delete-non-virtual-dtor -Wno-unnamed-type-template-args -Wno-comment -fdiagnostics-show-option -Wno-long-long -Qunused-arguments -Wno-semicolon-before-method-body -ffunction-sections -fdata-sections  -fvisibility=hidden -fvisibility-inlines-hidden -Wno-shadow -Wno-unused -Wno-sign-compare -Wno-undef -Wno-missing-declarations -Wno-uninitialized -Wno-switch -Wno-parentheses -Wno-array-bounds -Wno-extra -Wno-deprecated-declarations  -O3 -DNDEBUG -isysroot /Applications/Xcode.app/Contents/Developer/Platforms/MacOSX.platform/Developer/SDKs/MacOSX10.15.sdk -mmacosx-version-min=10.14 -Wl,-search_paths_first -Wl,-headerpad_max_install_names   -Wl,-dead_strip  CMakeFiles/cmTC_5aa4d.dir/src.cxx.o  -o cmTC_5aa4d 


===== END =====

Build output check failed:
    Regex: 'unknown .*option'
    Output line: 'warning: unknown warning option '-Wno-suggest-override', did you mean '-Wno-shift-overflow'? [-Wunknown-warning-option]'
Compilation failed:
    source file: '/Users/baminh/Desktop/camera-system-app/node_modules/opencv-build/opencv/build/CMakeFiles/CMakeTmp/src.cxx'
    check option: ' -Wno-suggest-override'
===== BUILD LOG =====
Change Dir: /Users/baminh/Desktop/camera-system-app/node_modules/opencv-build/opencv/build/CMakeFiles/CMakeTmp

Run Build Command(s):/usr/bin/make cmTC_efc0a/fast && /Applications/Xcode.app/Contents/Developer/usr/bin/make -f CMakeFiles/cmTC_efc0a.dir/build.make CMakeFiles/cmTC_efc0a.dir/build
Building CXX object CMakeFiles/cmTC_efc0a.dir/src.cxx.o
/Applications/Xcode.app/Contents/Developer/Toolchains/XcodeDefault.xctoolchain/usr/bin/c++    -fsigned-char -W -Wall -Werror=return-type -Werror=non-virtual-dtor -Werror=address -Werror=sequence-point -Wformat -Werror=format-security -Wmissing-prototypes -Wstrict-prototypes -Winit-self -Wpointer-arith -Wsign-promo -Winit-self -Wno-delete-non-virtual-dtor -Wno-unnamed-type-template-args -Wno-comment -fdiagnostics-show-option -Wno-long-long -Qunused-arguments -Wno-semicolon-before-method-body -ffunction-sections -fdata-sections  -fvisibility=hidden -fvisibility-inlines-hidden -Wno-shadow -Wno-unused -Wno-sign-compare -Wno-undef -Wno-missing-declarations -Wno-uninitialized -Wno-switch -Wno-parentheses -Wno-array-bounds -Wno-extra -Wno-deprecated-declarations -Wno-deprecated  -O3 -DNDEBUG -isysroot /Applications/Xcode.app/Contents/Developer/Platforms/MacOSX.platform/Developer/SDKs/MacOSX10.15.sdk -mmacosx-version-min=10.14 -fPIE    -Wno-suggest-override -o CMakeFiles/cmTC_efc0a.dir/src.cxx.o -c /Users/baminh/Desktop/camera-system-app/node_modules/opencv-build/opencv/build/CMakeFiles/CMakeTmp/src.cxx
warning: unknown warning option '-Wno-suggest-override'; did you mean '-Wno-shift-overflow'? [-Wunknown-warning-option]
/Users/baminh/Desktop/camera-system-app/node_modules/opencv-build/opencv/build/CMakeFiles/CMakeTmp/src.cxx:1:8: warning: unknown pragma ignored [-Wunknown-pragmas]
#pragma
       ^
2 warnings generated.
Linking CXX executable cmTC_efc0a
/usr/local/Cellar/cmake/3.16.1/bin/cmake -E cmake_link_script CMakeFiles/cmTC_efc0a.dir/link.txt --verbose=1
/Applications/Xcode.app/Contents/Developer/Toolchains/XcodeDefault.xctoolchain/usr/bin/c++     -fsigned-char -W -Wall -Werror=return-type -Werror=non-virtual-dtor -Werror=address -Werror=sequence-point -Wformat -Werror=format-security -Wmissing-prototypes -Wstrict-prototypes -Winit-self -Wpointer-arith -Wsign-promo -Winit-self -Wno-delete-non-virtual-dtor -Wno-unnamed-type-template-args -Wno-comment -fdiagnostics-show-option -Wno-long-long -Qunused-arguments -Wno-semicolon-before-method-body -ffunction-sections -fdata-sections  -fvisibility=hidden -fvisibility-inlines-hidden -Wno-shadow -Wno-unused -Wno-sign-compare -Wno-undef -Wno-missing-declarations -Wno-uninitialized -Wno-switch -Wno-parentheses -Wno-array-bounds -Wno-extra -Wno-deprecated-declarations -Wno-deprecated  -O3 -DNDEBUG -isysroot /Applications/Xcode.app/Contents/Developer/Platforms/MacOSX.platform/Developer/SDKs/MacOSX10.15.sdk -mmacosx-version-min=10.14 -Wl,-search_paths_first -Wl,-headerpad_max_install_names   -Wl,-dead_strip  CMakeFiles/cmTC_efc0a.dir/src.cxx.o  -o cmTC_efc0a 


===== END =====

Determining if the function sgemm_ exists failed with the following output:
Change Dir: /Users/baminh/Desktop/camera-system-app/node_modules/opencv-build/opencv/build/CMakeFiles/CMakeTmp

Run Build Command(s):/usr/bin/make cmTC_4fcff/fast && /Applications/Xcode.app/Contents/Developer/usr/bin/make -f CMakeFiles/cmTC_4fcff.dir/build.make CMakeFiles/cmTC_4fcff.dir/build
Building C object CMakeFiles/cmTC_4fcff.dir/CheckFunctionExists.c.o
/Applications/Xcode.app/Contents/Developer/Toolchains/XcodeDefault.xctoolchain/usr/bin/cc   -fsigned-char -W -Wall -Werror=return-type -Werror=non-virtual-dtor -Werror=address -Werror=sequence-point -Wformat -Werror=format-security -Wmissing-declarations -Wmissing-prototypes -Wstrict-prototypes -Wundef -Winit-self -Wpointer-arith -Wshadow -Wsign-promo -Wuninitialized -Winit-self -Wno-delete-non-virtual-dtor -Wno-unnamed-type-template-args -Wno-comment -fdiagnostics-show-option -Wno-long-long -Qunused-arguments -Wno-semicolon-before-method-body -ffunction-sections -fdata-sections  -fvisibility=hidden -fvisibility-inlines-hidden -DCHECK_FUNCTION_EXISTS=sgemm_ -O3 -DNDEBUG -isysroot /Applications/Xcode.app/Contents/Developer/Platforms/MacOSX.platform/Developer/SDKs/MacOSX10.15.sdk -mmacosx-version-min=10.14 -fPIE   -o CMakeFiles/cmTC_4fcff.dir/CheckFunctionExists.c.o   -c /usr/local/Cellar/cmake/3.16.1/share/cmake/Modules/CheckFunctionExists.c
Linking C executable cmTC_4fcff
/usr/local/Cellar/cmake/3.16.1/bin/cmake -E cmake_link_script CMakeFiles/cmTC_4fcff.dir/link.txt --verbose=1
/Applications/Xcode.app/Contents/Developer/Toolchains/XcodeDefault.xctoolchain/usr/bin/cc    -fsigned-char -W -Wall -Werror=return-type -Werror=non-virtual-dtor -Werror=address -Werror=sequence-point -Wformat -Werror=format-security -Wmissing-declarations -Wmissing-prototypes -Wstrict-prototypes -Wundef -Winit-self -Wpointer-arith -Wshadow -Wsign-promo -Wuninitialized -Winit-self -Wno-delete-non-virtual-dtor -Wno-unnamed-type-template-args -Wno-comment -fdiagnostics-show-option -Wno-long-long -Qunused-arguments -Wno-semicolon-before-method-body -ffunction-sections -fdata-sections  -fvisibility=hidden -fvisibility-inlines-hidden -DCHECK_FUNCTION_EXISTS=sgemm_ -O3 -DNDEBUG -isysroot /Applications/Xcode.app/Contents/Developer/Platforms/MacOSX.platform/Developer/SDKs/MacOSX10.15.sdk -mmacosx-version-min=10.14 -Wl,-search_paths_first -Wl,-headerpad_max_install_names   -Wl,-dead_strip  CMakeFiles/cmTC_4fcff.dir/CheckFunctionExists.c.o  -o cmTC_4fcff 
Undefined symbols for architecture x86_64:
  "_sgemm_", referenced from:
      _main in CheckFunctionExists.c.o
ld: symbol(s) not found for architecture x86_64
clang: error: linker command failed with exit code 1 (use -v to see invocation)
make[1]: *** [cmTC_4fcff] Error 1
make: *** [cmTC_4fcff/fast] Error 2



